<?xml version="1.0" encoding="UTF-8"?>
<!-- Generated by org.testng.reporters.JUnitReportReporter -->
<testsuite skipped="0" hostname="MUNO112173-11" name="com.herokuapp.theinternet.NegativeTests" tests="2" failures="0" timestamp="2020-02-16T04:36:21 COT" time="31.277" errors="0">
  <testcase name="incorrectUsernameTest" time="16.080" classname="com.herokuapp.theinternet.NegativeTests"/>
  <system-out/>
  <testcase name="incorrectPasswordTest" time="15.197" classname="com.herokuapp.theinternet.NegativeTests"/>
  <system-out/>
</testsuite> <!-- com.herokuapp.theinternet.NegativeTests -->
