<?xml version="1.0" encoding="UTF-8"?>
<!-- Generated by org.testng.reporters.JUnitReportReporter -->
<testsuite skipped="0" hostname="MUNO112173-11" name="com.herokuapp.theinternet.NegativeTests" tests="2" failures="0" timestamp="2020-02-16T03:44:03 COT" time="29.320" errors="0">
  <testcase name="incorrectPasswordTest" time="14.880" classname="com.herokuapp.theinternet.NegativeTests"/>
  <system-out/>
  <testcase name="incorrectUsernameTest" time="14.440" classname="com.herokuapp.theinternet.NegativeTests"/>
  <system-out/>
</testsuite> <!-- com.herokuapp.theinternet.NegativeTests -->
