<?xml version="1.0" encoding="UTF-8"?>
<!-- Generated by org.testng.reporters.JUnitReportReporter -->
<testsuite skipped="0" hostname="MUNO112173-11" name="com.herokuapp.theinternet.NegativeTest" tests="1" failures="0" timestamp="2020-02-16T03:19:13 COT" time="16.391" errors="0">
  <testcase name="loginTest" time="16.391" classname="com.herokuapp.theinternet.NegativeTest"/>
  <system-out/>
</testsuite> <!-- com.herokuapp.theinternet.NegativeTest -->
