<?xml version="1.0" encoding="UTF-8"?>
<!-- Generated by org.testng.reporters.JUnitReportReporter -->
<testsuite skipped="0" hostname="MUNO112173-11" name="com.herokuapp.theinternet.PositiveTests" tests="1" failures="0" timestamp="2020-02-16T04:46:42 COT" time="15.608" errors="0">
  <testcase name="loginTest" time="15.608" classname="com.herokuapp.theinternet.PositiveTests"/>
  <system-out/>
</testsuite> <!-- com.herokuapp.theinternet.PositiveTests -->
